<?xml version="1.0" encoding="UTF-8"?>
<testsuite name="csc223.jf.DoublyLinkedListTest" tests="1" skipped="0" failures="0" errors="0" timestamp="2025-02-12T14:59:37" hostname="JAOBINC" time="0.022">
  <properties/>
  <testcase name="getFirst()" classname="csc223.jf.DoublyLinkedListTest" time="0.022"/>
  <system-out><![CDATA[]]></system-out>
  <system-err><![CDATA[]]></system-err>
</testsuite>
